Loaded module: cuda/12.1
config.json:   0%|          | 0.00/665 [00:00<?, ?B/s]config.json: 100%|██████████| 665/665 [00:00<00:00, 616kB/s]
vocab.json:   0%|          | 0.00/1.04M [00:00<?, ?B/s]vocab.json: 100%|██████████| 1.04M/1.04M [00:00<00:00, 14.1MB/s]
merges.txt:   0%|          | 0.00/456k [00:00<?, ?B/s]merges.txt: 100%|██████████| 456k/456k [00:00<00:00, 4.99MB/s]
tokenizer.json:   0%|          | 0.00/1.36M [00:00<?, ?B/s]tokenizer.json: 100%|██████████| 1.36M/1.36M [00:00<00:00, 3.74MB/s]tokenizer.json: 100%|██████████| 1.36M/1.36M [00:00<00:00, 3.73MB/s]
Generating train split: 0 examples [00:00, ? examples/s]Generating train split: 527 examples [00:00, 5198.28 examples/s]Generating train split: 1201 examples [00:00, 1837.54 examples/s]Generating train split: 1535 examples [00:00, 2135.18 examples/s]Generating train split: 1940 examples [00:00, 2560.78 examples/s]Generating train split: 2401 examples [00:01, 2208.31 examples/s]Generating train split: 2769 examples [00:01, 2127.15 examples/s]Generating train split: 3189 examples [00:01, 2359.50 examples/s]Generating train split: 3501 examples [00:01, 1644.91 examples/s]Generating train split: 3920 examples [00:01, 2055.59 examples/s]Generating train split: 4282 examples [00:01, 2347.87 examples/s]Generating train split: 4630 examples [00:02, 2212.46 examples/s]Generating train split: 5000 examples [00:02, 2501.63 examples/s]Generating train split: 5390 examples [00:02, 2050.00 examples/s]Generating train split: 5738 examples [00:02, 2320.98 examples/s]Generating train split: 6090 examples [00:03, 1369.57 examples/s]Generating train split: 6432 examples [00:03, 1198.50 examples/s]Generating train split: 6690 examples [00:03, 1180.23 examples/s]Generating train split: 7020 examples [00:03, 1464.18 examples/s]Generating train split: 7392 examples [00:03, 1792.39 examples/s]Generating train split: 7690 examples [00:04, 1989.51 examples/s]Generating train split: 7990 examples [00:04, 1823.67 examples/s]Generating train split: 8386 examples [00:04, 2242.69 examples/s]Generating train split: 8790 examples [00:04, 2495.65 examples/s]Generating train split: 9115 examples [00:04, 2052.81 examples/s]Generating train split: 9552 examples [00:04, 2517.57 examples/s]Generating train split: 10000 examples [00:04, 2938.96 examples/s]Generating train split: 10559 examples [00:04, 3576.10 examples/s]Generating train split: 11000 examples [00:05, 3655.34 examples/s]Generating train split: 11509 examples [00:05, 4026.79 examples/s]Generating train split: 12000 examples [00:05, 3058.42 examples/s]Generating train split: 12576 examples [00:05, 3259.22 examples/s]Generating train split: 12945 examples [00:05, 2748.18 examples/s]Generating train split: 13290 examples [00:05, 2885.45 examples/s]Generating train split: 13690 examples [00:06, 3060.48 examples/s]Generating train split: 14144 examples [00:06, 2463.44 examples/s]Generating train split: 14611 examples [00:06, 2382.15 examples/s]Generating train split: 15000 examples [00:06, 2599.61 examples/s]Generating train split: 15453 examples [00:06, 2423.78 examples/s]Generating train split: 15904 examples [00:06, 2685.60 examples/s]Generating train split: 16353 examples [00:07, 1795.27 examples/s]Generating train split: 16753 examples [00:07, 1781.96 examples/s]Generating train split: 17052 examples [00:07, 1964.05 examples/s]Generating train split: 17465 examples [00:07, 2011.20 examples/s]Generating train split: 17924 examples [00:08, 2470.74 examples/s]Generating train split: 18287 examples [00:08, 2228.11 examples/s]Generating train split: 18586 examples [00:08, 2029.50 examples/s]Generating train split: 18853 examples [00:08, 1914.18 examples/s]Generating train split: 19316 examples [00:08, 1711.98 examples/s]Generating train split: 19611 examples [00:08, 1913.46 examples/s]Generating train split: 19853 examples [00:09, 1738.94 examples/s]Generating train split: 20253 examples [00:09, 2133.77 examples/s]Generating train split: 20712 examples [00:09, 2623.91 examples/s]Generating train split: 21053 examples [00:09, 2746.50 examples/s]Generating train split: 21553 examples [00:09, 2162.88 examples/s]Generating train split: 21952 examples [00:09, 2500.92 examples/s]Generating train split: 22339 examples [00:10, 2773.61 examples/s]Generating train split: 22925 examples [00:10, 2656.74 examples/s]Generating train split: 23268 examples [00:10, 2438.56 examples/s]Generating train split: 23704 examples [00:10, 2820.05 examples/s]Generating train split: 24236 examples [00:10, 3033.43 examples/s]Generating train split: 24653 examples [00:10, 2630.71 examples/s]Generating train split: 24977 examples [00:10, 2752.73 examples/s]Generating train split: 25427 examples [00:11, 2409.61 examples/s]Generating train split: 25891 examples [00:11, 2847.77 examples/s]Generating train split: 26253 examples [00:11, 2650.89 examples/s]Generating train split: 26653 examples [00:11, 2251.09 examples/s]Generating train split: 27000 examples [00:11, 2476.37 examples/s]Generating train split: 27351 examples [00:11, 2677.28 examples/s]Generating train split: 27742 examples [00:12, 2963.06 examples/s]Generating train split: 28251 examples [00:12, 2402.13 examples/s]Generating train split: 28685 examples [00:12, 2782.86 examples/s]Generating train split: 29051 examples [00:12, 2771.76 examples/s]Generating train split: 29364 examples [00:12, 2237.90 examples/s]Generating train split: 29721 examples [00:12, 2468.90 examples/s]Generating train split: 30048 examples [00:13, 2093.64 examples/s]Generating train split: 30427 examples [00:13, 2432.57 examples/s]Generating train split: 30848 examples [00:13, 2794.04 examples/s]Generating train split: 31248 examples [00:13, 2985.79 examples/s]Generating train split: 31748 examples [00:13, 2595.99 examples/s]Generating train split: 32104 examples [00:13, 2795.93 examples/s]Generating train split: 32548 examples [00:13, 3150.07 examples/s]Generating train split: 33000 examples [00:14, 2569.58 examples/s]Generating train split: 33547 examples [00:14, 2869.05 examples/s]Generating train split: 34013 examples [00:14, 2408.32 examples/s]Generating train split: 34348 examples [00:14, 2554.05 examples/s]Generating train split: 34748 examples [00:14, 2383.00 examples/s]Generating train split: 35048 examples [00:14, 2487.68 examples/s]Generating train split: 35448 examples [00:15, 2795.63 examples/s]Generating train split: 35848 examples [00:15, 2106.40 examples/s]Generating train split: 36312 examples [00:15, 2359.47 examples/s]Generating train split: 36723 examples [00:15, 2702.89 examples/s]Generating train split: 37112 examples [00:15, 2105.63 examples/s]Generating train split: 37444 examples [00:15, 2308.92 examples/s]Generating train split: 37742 examples [00:16, 2046.26 examples/s]Generating train split: 38042 examples [00:16, 1721.08 examples/s]Generating train split: 38525 examples [00:16, 2221.38 examples/s]Generating train split: 38942 examples [00:16, 2597.93 examples/s]Generating train split: 39442 examples [00:16, 2125.03 examples/s]Generating train split: 39929 examples [00:17, 2608.41 examples/s]Generating train split: 40507 examples [00:17, 2374.81 examples/s]Generating train split: 40916 examples [00:17, 2644.07 examples/s]Generating train split: 41242 examples [00:17, 2218.58 examples/s]Generating train split: 41618 examples [00:17, 2451.32 examples/s]Generating train split: 42011 examples [00:17, 2328.23 examples/s]Generating train split: 42473 examples [00:18, 2781.87 examples/s]Generating train split: 42920 examples [00:18, 3153.63 examples/s]Generating train split: 43455 examples [00:18, 2584.04 examples/s]Generating train split: 43835 examples [00:18, 2818.44 examples/s]Generating train split: 44247 examples [00:18, 2361.60 examples/s]Generating train split: 44642 examples [00:18, 2617.17 examples/s]Generating train split: 45000 examples [00:19, 2569.22 examples/s]Generating train split: 45517 examples [00:19, 2404.45 examples/s]Generating train split: 45844 examples [00:19, 2544.89 examples/s]Generating train split: 46153 examples [00:19, 2625.29 examples/s]Generating train split: 46469 examples [00:19, 2242.72 examples/s]Generating train split: 46942 examples [00:19, 2759.40 examples/s]Generating train split: 47342 examples [00:19, 2965.95 examples/s]Generating train split: 47686 examples [00:20, 2699.83 examples/s]Generating train split: 48042 examples [00:20, 2156.09 examples/s]Generating train split: 48342 examples [00:20, 2290.28 examples/s]Generating train split: 48742 examples [00:20, 2531.21 examples/s]Generating train split: 49103 examples [00:20, 2228.74 examples/s]Generating train split: 49556 examples [00:20, 2686.45 examples/s]Generating train split: 49938 examples [00:21, 2308.00 examples/s]Generating train split: 50355 examples [00:21, 2685.82 examples/s]Generating train split: 50762 examples [00:21, 2995.57 examples/s]Generating train split: 51291 examples [00:21, 3166.79 examples/s]Generating train split: 51638 examples [00:21, 2516.97 examples/s]Generating train split: 52009 examples [00:21, 2763.14 examples/s]Generating train split: 52513 examples [00:21, 3105.90 examples/s]Generating train split: 52938 examples [00:21, 3346.09 examples/s]Generating train split: 53468 examples [00:22, 2241.60 examples/s]Generating train split: 53921 examples [00:22, 2637.07 examples/s]Generating train split: 54475 examples [00:22, 2376.52 examples/s]Generating train split: 54938 examples [00:22, 2766.37 examples/s]Generating train split: 55485 examples [00:22, 3003.33 examples/s]Generating train split: 56000 examples [00:23, 1336.51 examples/s]Generating train split: 56315 examples [00:24, 1263.08 examples/s]Generating train split: 56615 examples [00:24, 1429.28 examples/s]Generating train split: 57000 examples [00:24, 1391.58 examples/s]Generating train split: 57397 examples [00:24, 1727.37 examples/s]Generating train split: 57834 examples [00:24, 2133.84 examples/s]Generating train split: 58215 examples [00:24, 2012.67 examples/s]Generating train split: 58638 examples [00:25, 2397.58 examples/s]Generating train split: 59030 examples [00:25, 2631.74 examples/s]Generating train split: 59415 examples [00:25, 2864.33 examples/s]Generating train split: 59937 examples [00:25, 2615.66 examples/s]Generating train split: 60253 examples [00:25, 2709.20 examples/s]Generating train split: 60740 examples [00:25, 3195.00 examples/s]Generating train split: 61115 examples [00:25, 3305.13 examples/s]Generating train split: 61559 examples [00:26, 2833.63 examples/s]Generating train split: 61930 examples [00:26, 3018.40 examples/s]Generating train split: 62425 examples [00:26, 2924.36 examples/s]Generating train split: 62915 examples [00:26, 2589.66 examples/s]Generating train split: 63215 examples [00:26, 2668.72 examples/s]Generating train split: 63681 examples [00:26, 3050.50 examples/s]Generating train split: 64060 examples [00:26, 2515.42 examples/s]Generating train split: 64487 examples [00:27, 2606.35 examples/s]Generating train split: 64873 examples [00:27, 2871.55 examples/s]Generating train split: 65253 examples [00:27, 2394.52 examples/s]Generating train split: 65684 examples [00:27, 2735.53 examples/s]Generating train split: 66081 examples [00:27, 3009.56 examples/s]Generating train split: 66427 examples [00:27, 2447.04 examples/s]Generating train split: 66777 examples [00:27, 2670.83 examples/s]Generating train split: 67084 examples [00:28, 2704.74 examples/s]Generating train split: 67423 examples [00:28, 2344.80 examples/s]Generating train split: 67684 examples [00:28, 2019.62 examples/s]Generating train split: 68000 examples [00:28, 2163.03 examples/s]Generating train split: 68484 examples [00:28, 2694.59 examples/s]Generating train split: 68784 examples [00:28, 2151.09 examples/s]Generating train split: 69123 examples [00:29, 1808.73 examples/s]Generating train split: 69590 examples [00:29, 1939.73 examples/s]Generating train split: 70000 examples [00:29, 2283.17 examples/s]Generating train split: 70413 examples [00:29, 2109.22 examples/s]Generating train split: 70868 examples [00:29, 2560.87 examples/s]Generating train split: 71213 examples [00:29, 2690.89 examples/s]Generating train split: 71642 examples [00:30, 2217.11 examples/s]Generating train split: 71918 examples [00:30, 2070.69 examples/s]Generating train split: 72218 examples [00:30, 2212.15 examples/s]Generating train split: 72700 examples [00:30, 2740.63 examples/s]Generating train split: 73018 examples [00:30, 2179.78 examples/s]Generating train split: 73418 examples [00:31, 2121.44 examples/s]Generating train split: 73718 examples [00:31, 1944.95 examples/s]Generating train split: 74094 examples [00:31, 2290.39 examples/s]Generating train split: 74518 examples [00:31, 2626.89 examples/s]Generating train split: 75000 examples [00:31, 3035.14 examples/s]Generating train split: 75317 examples [00:31, 2358.15 examples/s]
Generating validation split: 0 examples [00:00, ? examples/s]Generating validation split: 0 examples [00:00, ? examples/s]
Traceback (most recent call last):
  File "/zhome/4e/b/208805/.local/lib/python3.9/site-packages/datasets/builder.py", line 1670, in _prepare_split_single
    for key, record in generator:
  File "/dtu/p1/johlau/.cache/modules/datasets_modules/datasets/ni_dataset/6aaf834f8edcbb685eabac7ce3c7af68bc248c248cea3277a382991604117fc5/ni_dataset.py", line 147, in _generate_examples
    with open(path, encoding="utf-8") as split_f:
  File "/zhome/4e/b/208805/.local/lib/python3.9/site-packages/datasets/streaming.py", line 75, in wrapper
    return function(*args, download_config=download_config, **kwargs)
  File "/zhome/4e/b/208805/.local/lib/python3.9/site-packages/datasets/download/streaming_download_manager.py", line 491, in xopen
    return open(main_hop, mode, *args, **kwargs)
FileNotFoundError: [Errno 2] No such file or directory: 'data/splits/default/dev_tasks.txt'

The above exception was the direct cause of the following exception:

Traceback (most recent call last):
  File "/dtu/p1/johlau/Tk-Instruct/src/run_s2s.py", line 580, in <module>
    main()
  File "/dtu/p1/johlau/Tk-Instruct/src/run_s2s.py", line 310, in main
    raw_datasets = load_dataset(
  File "/zhome/4e/b/208805/.local/lib/python3.9/site-packages/datasets/load.py", line 2152, in load_dataset
    builder_instance.download_and_prepare(
  File "/zhome/4e/b/208805/.local/lib/python3.9/site-packages/datasets/builder.py", line 948, in download_and_prepare
    self._download_and_prepare(
  File "/zhome/4e/b/208805/.local/lib/python3.9/site-packages/datasets/builder.py", line 1711, in _download_and_prepare
    super()._download_and_prepare(
  File "/zhome/4e/b/208805/.local/lib/python3.9/site-packages/datasets/builder.py", line 1043, in _download_and_prepare
    self._prepare_split(split_generator, **prepare_split_kwargs)
  File "/zhome/4e/b/208805/.local/lib/python3.9/site-packages/datasets/builder.py", line 1549, in _prepare_split
    for job_id, done, content in self._prepare_split_single(
  File "/zhome/4e/b/208805/.local/lib/python3.9/site-packages/datasets/builder.py", line 1706, in _prepare_split_single
    raise DatasetGenerationError("An error occurred while generating the dataset") from e
datasets.builder.DatasetGenerationError: An error occurred while generating the dataset
