Loaded module: cuda/12.1
/usr/lib64/python3.9/site-packages/scipy/__init__.py:138: UserWarning: A NumPy version >=1.16.5 and <1.23.0 is required for this version of SciPy (detected version 1.26.2)
  warnings.warn(f"A NumPy version >={np_minversion} and <{np_maxversion} is required for this version of "
Processed 0 documents. 2 instances. (0.0 docs/s, 0.0014978936781190326 MB/s).
Processed 10000 documents. 60469 instances. (1881.0579444047291 docs/s, 12.344176542925286 MB/s).
Processed 20000 documents. 93077 instances. (2156.698998523997 docs/s, 10.820606346375 MB/s).
Processed 30000 documents. 115956 instances. (2210.2453166378164 docs/s, 9.182124750048015 MB/s).
Processed 40000 documents. 138157 instances. (2488.8839834804435 docs/s, 9.218220585833349 MB/s).
Processed 50000 documents. 159352 instances. (2601.31344279459 docs/s, 8.876214512599926 MB/s).
Processed 60000 documents. 179941 instances. (2904.5358847323077 docs/s, 9.31877515813852 MB/s).
Processed 70000 documents. 200790 instances. (2980.8465201712884 docs/s, 9.141039031659579 MB/s).
Processed 80000 documents. 221397 instances. (3016.43646340548 docs/s, 8.922800663258679 MB/s).
Processed 90000 documents. 281180 instances. (2346.3431738200197 docs/s, 7.860860932655465 MB/s).
Processed 100000 documents. 312512 instances. (2345.493457062026 docs/s, 7.854884335737851 MB/s).
Processed 110000 documents. 335698 instances. (2330.9729803863956 docs/s, 7.616251480851743 MB/s).
Processed 120000 documents. 357227 instances. (2386.1176023057683 docs/s, 7.599455890080429 MB/s).
Processed 130000 documents. 379030 instances. (2461.5339054405563 docs/s, 7.677366052570765 MB/s).
Processed 140000 documents. 399843 instances. (2534.122761494554 docs/s, 7.738244782477819 MB/s).
Processed 150000 documents. 418498 instances. (2542.349755443559 docs/s, 7.581648429407449 MB/s).
Processed 160000 documents. 439512 instances. (2596.2289536508765 docs/s, 7.621155587566927 MB/s).
Processed 170000 documents. 498464 instances. (2362.8785095256094 docs/s, 7.419361826866534 MB/s).
Processed 180000 documents. 530282 instances. (2427.1869914521353 docs/s, 7.653673184582811 MB/s).
Processed 190000 documents. 553802 instances. (2496.2925759852146 docs/s, 7.784966938784163 MB/s).
Processed 200000 documents. 577054 instances. (2559.916494911456 docs/s, 7.900373635578031 MB/s).
Processed 210000 documents. 598260 instances. (2633.7089371231014 docs/s, 8.021704872438068 MB/s).
Processed 220000 documents. 619076 instances. (2698.2996157517705 docs/s, 8.11627709048973 MB/s).
Processed 230000 documents. 637996 instances. (2770.4817310954854 docs/s, 8.213853212209834 MB/s).
Processed 240000 documents. 660904 instances. (2721.5053505554915 docs/s, 8.009389086095139 MB/s).
Processed 250000 documents. 718750 instances. (2698.956910099783 docs/s, 8.304708903460599 MB/s).
Processed 260000 documents. 750074 instances. (2739.3572046892423 docs/s, 8.456864755895092 MB/s).
Processed 270000 documents. 772959 instances. (2768.87581088143 docs/s, 8.480771674975223 MB/s).
Processed 280000 documents. 795694 instances. (2808.0836686688044 docs/s, 8.536223217576422 MB/s).
Processed 290000 documents. 817032 instances. (2866.4194663345024 docs/s, 8.637482284718518 MB/s).
Processed 300000 documents. 837374 instances. (2916.6657858427375 docs/s, 8.706229717174669 MB/s).
Processed 310000 documents. 857610 instances. (2974.1059656480775 docs/s, 8.798587303472488 MB/s).
Processed 320000 documents. 880663 instances. (2927.7332545285244 docs/s, 8.616202364927803 MB/s).
Processed 330000 documents. 938544 instances. (2867.074518825177 docs/s, 8.728001605173592 MB/s).
Processed 340000 documents. 970192 instances. (2900.8261018877097 docs/s, 8.857494844051377 MB/s).
Processed 350000 documents. 992815 instances. (2935.055737025271 docs/s, 8.906486788787912 MB/s).
Processed 360000 documents. 1015203 instances. (2974.0116351367055 docs/s, 8.97059213599102 MB/s).
Processed 370000 documents. 1036345 instances. (3013.429032230548 docs/s, 9.025771653855168 MB/s).
Processed 380000 documents. 1056785 instances. (3046.4998792112083 docs/s, 9.058641109137342 MB/s).
Processed 390000 documents. 1076130 instances. (3084.714279497955 docs/s, 9.09985253503409 MB/s).
Processed 400000 documents. 1100995 instances. (3109.384132638418 docs/s, 9.150482863606245 MB/s).
Processed 410000 documents. 1159039 instances. (2929.7147307906666 docs/s, 8.861570962342471 MB/s).
Processed 420000 documents. 1190552 instances. (2930.1760358453976 docs/s, 8.885609124238307 MB/s).
Processed 430000 documents. 1213819 instances. (2951.7499346472136 docs/s, 8.912595027901926 MB/s).
Processed 440000 documents. 1236070 instances. (2979.9503996357093 docs/s, 8.953619013524218 MB/s).
Processed 450000 documents. 1256537 instances. (3012.2133982471764 docs/s, 8.994678936374576 MB/s).
Processed 460000 documents. 1276897 instances. (3042.698210330366 docs/s, 9.032095285069232 MB/s).
Processed 470000 documents. 1296676 instances. (3076.302659388073 docs/s, 9.075168630630001 MB/s).
Processed 480000 documents. 1323065 instances. (3101.8450159805116 docs/s, 9.143859243436763 MB/s).
Processed 490000 documents. 1379223 instances. (2925.0206184803606 docs/s, 8.81150080985159 MB/s).
Processed 500000 documents. 1410170 instances. (2933.511442902225 docs/s, 8.852289537089272 MB/s).
Processed 510000 documents. 1431935 instances. (2978.5756022709566 docs/s, 8.94688144026566 MB/s).
Processed 520000 documents. 1454274 instances. (3002.020594363355 docs/s, 8.980823453415827 MB/s).
Processed 530000 documents. 1474704 instances. (3021.3502271964576 docs/s, 8.99201678553033 MB/s).
Processed 540000 documents. 1495655 instances. (3052.683973228319 docs/s, 9.04266936271491 MB/s).
Processed 550000 documents. 1515116 instances. (3077.5111123123625 docs/s, 9.066338474191145 MB/s).
Processed 560000 documents. 1543046 instances. (3094.3419662361994 docs/s, 9.11859338361827 MB/s).
Processed 570000 documents. 1598631 instances. (3066.9172970834857 docs/s, 9.204911096196364 MB/s).
Processed 580000 documents. 1629270 instances. (2961.206544634479 docs/s, 8.901218865594858 MB/s).
Processed 590000 documents. 1652138 instances. (2978.5604890413774 docs/s, 8.923916087560654 MB/s).
Processed 600000 documents. 1674345 instances. (2989.7944270407634 docs/s, 8.925245152680208 MB/s).
Processed 610000 documents. 1695268 instances. (3015.217458514609 docs/s, 8.963452432346966 MB/s).
Processed 620000 documents. 1716334 instances. (3018.413076873407 docs/s, 8.937613582009014 MB/s).
Processed 630000 documents. 1736449 instances. (3033.8814292638986 docs/s, 8.944597836285475 MB/s).
Processed 640000 documents. 1766147 instances. (3033.507221836288 docs/s, 8.954732095129364 MB/s).
Processed 650000 documents. 1820040 instances. (2989.9025693170142 docs/s, 8.959923033437642 MB/s).
Processed 660000 documents. 1850266 instances. (2985.864054720927 docs/s, 8.95809299500269 MB/s).
Processed 670000 documents. 1873077 instances. (2994.2248002387255 docs/s, 8.957072085038183 MB/s).
Processed 680000 documents. 1896683 instances. (2996.994228205296 docs/s, 8.94374181432407 MB/s).
Processed 690000 documents. 1917595 instances. (2878.8384046475294 docs/s, 8.558854656343074 MB/s).
Processed 700000 documents. 1938174 instances. (2889.4928350923565 docs/s, 8.558095281947327 MB/s).
Processed 710000 documents. 1958230 instances. (2906.2111356810065 docs/s, 8.573596245049266 MB/s).
Processed 720000 documents. 1989112 instances. (2917.238996361259 docs/s, 8.621482713395409 MB/s).
Processed 730000 documents. 2042834 instances. (2896.167311873424 docs/s, 8.673281198507787 MB/s).
Processed 740000 documents. 2073057 instances. (2896.50446462006 docs/s, 8.682939007975973 MB/s).
Processed 750000 documents. 2095822 instances. (2911.0464857818984 docs/s, 8.704315276929833 MB/s).
Processed 760000 documents. 2117878 instances. (2917.3888605139173 docs/s, 8.698604160664642 MB/s).
Processed 770000 documents. 2138772 instances. (2930.4692925128024 docs/s, 8.707972601215163 MB/s).
Processed 780000 documents. 2158862 instances. (2956.755592096956 docs/s, 8.754582687349474 MB/s).
Processed 790000 documents. 2178155 instances. (2977.686467815219 docs/s, 8.782615370923924 MB/s).
Processed 800000 documents. 2210104 instances. (2986.050914029283 docs/s, 8.82594350436464 MB/s).
Processed 810000 documents. 2262211 instances. (2960.232432460018 docs/s, 8.847371762447336 MB/s).
Processed 820000 documents. 2291973 instances. (2818.3705187373484 docs/s, 8.429782421329206 MB/s).
Processed 830000 documents. 2314560 instances. (2831.5573300108117 docs/s, 8.449205356479737 MB/s).
Processed 840000 documents. 2336943 instances. (2840.233025238373 docs/s, 8.454458565055571 MB/s).
Processed 850000 documents. 2357572 instances. (2849.145711266583 docs/s, 8.454570484066618 MB/s).
Processed 860000 documents. 2378015 instances. (2871.08447126711 docs/s, 8.49339469915032 MB/s).
Processed 870000 documents. 2398223 instances. (2881.716062746275 docs/s, 8.498365245464722 MB/s).
Processed 880000 documents. 2431180 instances. (2889.017788794648 docs/s, 8.540299255555833 MB/s).
Processed 890000 documents. 2483776 instances. (2876.4294713177396 docs/s, 8.591851224546197 MB/s).
Processed 900000 documents. 2514119 instances. (2874.356196608012 docs/s, 8.59342062993879 MB/s).
Processed 910000 documents. 2536977 instances. (2884.2297669611676 docs/s, 8.604847712429207 MB/s).
Processed 920000 documents. 2559019 instances. (2889.279838928708 docs/s, 8.59966225577091 MB/s).
Processed 930000 documents. 2579574 instances. (2896.9386688247614 docs/s, 8.59733722661656 MB/s).
Processed 940000 documents. 2600334 instances. (2895.120796892716 docs/s, 8.568509301965237 MB/s).
Processed 950000 documents. 2620523 instances. (2908.069167350393 docs/s, 8.582188366676025 MB/s).
Processed 960000 documents. 2655986 instances. (2905.027837839516 docs/s, 8.60010457671212 MB/s).
Processed 970000 documents. 2704584 instances. (2737.9067441724433 docs/s, 8.170606720495611 MB/s).
Processed 980000 documents. 2734427 instances. (2743.1625861125412 docs/s, 8.191661993592607 MB/s).
Processed 990000 documents. 2755935 instances. (2755.3315626204585 docs/s, 8.20827528391333 MB/s).
Processed 1000000 documents. 2778444 instances. (2773.775064292127 docs/s, 8.247033508825442 MB/s).
Processed 1010000 documents. 2799135 instances. (2786.7384302237806 docs/s, 8.263660161404964 MB/s).
Processed 1020000 documents. 2820146 instances. (2801.3477372705506 docs/s, 8.286802486589718 MB/s).
Processed 1030000 documents. 2840786 instances. (2814.125922093636 docs/s, 8.303692455812389 MB/s).
Processed 1040000 documents. 2877001 instances. (2810.291696587826 docs/s, 8.318742770067782 MB/s).
Processed 1050000 documents. 2925928 instances. (2804.8963351137145 docs/s, 8.364751518718002 MB/s).
Processed 1060000 documents. 2955573 instances. (2815.0237240766846 docs/s, 8.399342155659689 MB/s).
Processed 1070000 documents. 2977763 instances. (2829.1537926866863 docs/s, 8.425002289012127 MB/s).
Processed 1080000 documents. 3000167 instances. (2840.2127289243203 docs/s, 8.44223124704294 MB/s).
Processed 1090000 documents. 3021668 instances. (2851.643884052746 docs/s, 8.457991674546387 MB/s).
Processed 1100000 documents. 3042041 instances. (2866.529201119658 docs/s, 8.48141451495409 MB/s).
Processed 1110000 documents. 3061587 instances. (2879.781925429682 docs/s, 8.498112124533723 MB/s).
Processed 1120000 documents. 3099967 instances. (2874.9771571404376 docs/s, 8.514566377671112 MB/s).
Processed 1130000 documents. 3147472 instances. (2873.137336368861 docs/s, 8.564129593945527 MB/s).
Processed 1140000 documents. 3177118 instances. (2878.49031333653 docs/s, 8.584218090934927 MB/s).
Processed 1150000 documents. 3199708 instances. (2887.6932251249164 docs/s, 8.596915392955246 MB/s).
Processed 1160000 documents. 3222573 instances. (2897.535045806094 docs/s, 8.612560712530042 MB/s).
Processed 1170000 documents. 3243632 instances. (2903.8437481804326 docs/s, 8.612877189854128 MB/s).
Processed 1180000 documents. 3263603 instances. (2744.845268730525 docs/s, 8.121737579478497 MB/s).
Processed 1190000 documents. 3283626 instances. (2759.100275496277 docs/s, 8.144864385005606 MB/s).
Processed 1200000 documents. 3322986 instances. (2760.9748229014285 docs/s, 8.180639714188857 MB/s).
Processed 1210000 documents. 3368816 instances. (2754.988271330444 docs/s, 8.208044660916624 MB/s).
Processed 1220000 documents. 3397061 instances. (2757.257407736582 docs/s, 8.215264138928699 MB/s).
Processed 1230000 documents. 3419629 instances. (2765.8444906965005 docs/s, 8.227652449574105 MB/s).
Processed 1240000 documents. 3442622 instances. (2775.8044142261715 docs/s, 8.245049491628823 MB/s).
Processed 1250000 documents. 3463437 instances. (2789.384783944842 docs/s, 8.2683068963681 MB/s).
Processed 1260000 documents. 3483212 instances. (2804.2518204630446 docs/s, 8.293208254752775 MB/s).
Processed 1270000 documents. 3502849 instances. (2816.3477091071563 docs/s, 8.310116450157976 MB/s).
Processed 1280000 documents. 3541334 instances. (2817.9121066358357 docs/s, 8.341711168396412 MB/s).
Processed 1290000 documents. 3587513 instances. (2811.926443455323 docs/s, 8.368094186996819 MB/s).
Processed 1300000 documents. 3615472 instances. (2828.1074606262478 docs/s, 8.416121710117828 MB/s).
Processed 1310000 documents. 3637313 instances. (2837.885456034069 docs/s, 8.43093308430427 MB/s).
Processed 1320000 documents. 3660513 instances. (2847.2481296978863 docs/s, 8.447955894463849 MB/s).
Processed 1330000 documents. 3681610 instances. (2858.5428744017227 docs/s, 8.46560006946151 MB/s).
Processed 1340000 documents. 3702666 instances. (2871.208213026504 docs/s, 8.487683618162343 MB/s).
Processed 1350000 documents. 3721928 instances. (2882.3005246534763 docs/s, 8.501080903724771 MB/s).
Processed 1360000 documents. 3763056 instances. (2879.358552967984 docs/s, 8.524483814219296 MB/s).
Processed 1370000 documents. 3808434 instances. (2867.174472606841 docs/s, 8.528591050794935 MB/s).
Processed 1380000 documents. 3836676 instances. (2865.657519363439 docs/s, 8.524787567289454 MB/s).
Processed 1390000 documents. 3858842 instances. (2868.966039719412 docs/s, 8.521728421976517 MB/s).
Processed 1400000 documents. 3880982 instances. (2873.497349416514 docs/s, 8.522454796493118 MB/s).
Processed 1410000 documents. 3901207 instances. (2884.5971881667665 docs/s, 8.53888010645623 MB/s).
Processed 1420000 documents. 3921482 instances. (2894.2195154577157 docs/s, 8.551184624651256 MB/s).
Processed 1430000 documents. 3940209 instances. (2718.1494491107323 docs/s, 8.012886468631528 MB/s).
Processed 1440000 documents. 3982152 instances. (2705.550510064975 docs/s, 8.005892311152337 MB/s).
Processed 1450000 documents. 4026311 instances. (2695.020123625062 docs/s, 8.00796793038942 MB/s).
Processed 1460000 documents. 4054762 instances. (2697.495448839365 docs/s, 8.01601822369778 MB/s).
Processed 1470000 documents. 4076919 instances. (2700.649558971671 docs/s, 8.014019092388693 MB/s).
Processed 1480000 documents. 4099973 instances. (2703.559537471821 docs/s, 8.01349128215351 MB/s).
Processed 1490000 documents. 4120097 instances. (2710.5098610275963 docs/s, 8.018981286246312 MB/s).
Processed 1500000 documents. 4140118 instances. (2717.0309508438636 docs/s, 8.023268650824262 MB/s).
Processed 1510000 documents. 4160410 instances. (2724.381753497457 docs/s, 8.03051398532317 MB/s).
Processed 1520000 documents. 4201976 instances. (2721.672327198016 docs/s, 8.050555179965006 MB/s).
Processed 1530000 documents. 4245915 instances. (2722.8057214301252 docs/s, 8.085342356103814 MB/s).
Processed 1540000 documents. 4273090 instances. (2730.589472889339 docs/s, 8.106913798095665 MB/s).
Processed 1550000 documents. 4295623 instances. (2739.0388504603607 docs/s, 8.121807680252616 MB/s).
Processed 1560000 documents. 4318165 instances. (2743.33068072325 docs/s, 8.124634094638637 MB/s).
Processed 1570000 documents. 4338140 instances. (2751.0343115982787 docs/s, 8.132650172912971 MB/s).
Processed 1580000 documents. 4358976 instances. (2760.857419771087 docs/s, 8.148789259053162 MB/s).
Processed 1590000 documents. 4378255 instances. (2766.6897203975554 docs/s, 8.150472422401213 MB/s).
Processed 1600000 documents. 4422591 instances. (2754.6954934573055 docs/s, 8.147257166604279 MB/s).
Processed 1610000 documents. 4467021 instances. (2746.1948049591356 docs/s, 8.153203630450125 MB/s).
Processed 1620000 documents. 4495088 instances. (2751.4629327857388 docs/s, 8.169244769152904 MB/s).
Processed 1630000 documents. 4517486 instances. (2758.2990573753145 docs/s, 8.179834683663714 MB/s).
Processed 1640000 documents. 4540376 instances. (2763.5976639122855 docs/s, 8.186375815824121 MB/s).
Processed 1650000 documents. 4560493 instances. (2771.799408696814 docs/s, 8.196691225398114 MB/s).
Processed 1660000 documents. 4581699 instances. (2779.2332721483745 docs/s, 8.206906169857069 MB/s).
Process ForkPoolWorker-24:
Process ForkPoolWorker-18:
Process ForkPoolWorker-6:
Process ForkPoolWorker-21:
Process ForkPoolWorker-11:
Process ForkPoolWorker-16:
Process ForkPoolWorker-8:
Process ForkPoolWorker-13:
Process ForkPoolWorker-20:
Process ForkPoolWorker-15:
Process ForkPoolWorker-5:
Process ForkPoolWorker-1:
Process ForkPoolWorker-9:
Process ForkPoolWorker-12:
Process ForkPoolWorker-4:
Process ForkPoolWorker-17:
Process ForkPoolWorker-3:
Process ForkPoolWorker-19:
Process ForkPoolWorker-2:
Process ForkPoolWorker-10:
Process ForkPoolWorker-14:
Process ForkPoolWorker-27:
Process ForkPoolWorker-25:
Process ForkPoolWorker-29:
Process ForkPoolWorker-26:
Process ForkPoolWorker-31:
Process ForkPoolWorker-28:
Process ForkPoolWorker-22:
Process ForkPoolWorker-30:
Process ForkPoolWorker-32:
Process ForkPoolWorker-7:
Process ForkPoolWorker-23:
Traceback (most recent call last):
Traceback (most recent call last):
Traceback (most recent call last):
Traceback (most recent call last):
Traceback (most recent call last):
Traceback (most recent call last):
Traceback (most recent call last):
Traceback (most recent call last):
Traceback (most recent call last):
Traceback (most recent call last):
Traceback (most recent call last):
Traceback (most recent call last):
Traceback (most recent call last):
Traceback (most recent call last):
Traceback (most recent call last):
Traceback (most recent call last):
Traceback (most recent call last):
Traceback (most recent call last):
Traceback (most recent call last):
Traceback (most recent call last):
Traceback (most recent call last):
Traceback (most recent call last):
Traceback (most recent call last):
Traceback (most recent call last):
Traceback (most recent call last):
Traceback (most recent call last):
Traceback (most recent call last):
Traceback (most recent call last):
  File "/usr/lib64/python3.9/multiprocessing/process.py", line 315, in _bootstrap
    self.run()
  File "/usr/lib64/python3.9/multiprocessing/pool.py", line 131, in worker
    put((job, i, result))
Traceback (most recent call last):
  File "/usr/lib64/python3.9/multiprocessing/pool.py", line 131, in worker
    put((job, i, result))
  File "/usr/lib64/python3.9/multiprocessing/process.py", line 315, in _bootstrap
    self.run()
  File "/usr/lib64/python3.9/multiprocessing/process.py", line 315, in _bootstrap
    self.run()
  File "/usr/lib64/python3.9/multiprocessing/process.py", line 108, in run
    self._target(*self._args, **self._kwargs)
  File "/usr/lib64/python3.9/multiprocessing/process.py", line 315, in _bootstrap
    self.run()
  File "/usr/lib64/python3.9/multiprocessing/process.py", line 315, in _bootstrap
    self.run()
Traceback (most recent call last):
  File "/usr/lib64/python3.9/multiprocessing/process.py", line 315, in _bootstrap
    self.run()
  File "/usr/lib64/python3.9/multiprocessing/process.py", line 315, in _bootstrap
    self.run()
  File "/usr/lib64/python3.9/multiprocessing/process.py", line 315, in _bootstrap
    self.run()
  File "/usr/lib64/python3.9/multiprocessing/process.py", line 315, in _bootstrap
    self.run()
  File "/usr/lib64/python3.9/multiprocessing/pool.py", line 114, in worker
    task = get()
  File "/usr/lib64/python3.9/multiprocessing/process.py", line 315, in _bootstrap
    self.run()
  File "/usr/lib64/python3.9/multiprocessing/process.py", line 315, in _bootstrap
    self.run()
  File "/usr/lib64/python3.9/multiprocessing/process.py", line 315, in _bootstrap
    self.run()
  File "/usr/lib64/python3.9/multiprocessing/process.py", line 108, in run
    self._target(*self._args, **self._kwargs)
  File "/usr/lib64/python3.9/multiprocessing/process.py", line 315, in _bootstrap
    self.run()
  File "/usr/lib64/python3.9/multiprocessing/process.py", line 315, in _bootstrap
    self.run()
  File "/usr/lib64/python3.9/multiprocessing/process.py", line 315, in _bootstrap
    self.run()
  File "/usr/lib64/python3.9/multiprocessing/pool.py", line 114, in worker
    task = get()
  File "/usr/lib64/python3.9/multiprocessing/process.py", line 108, in run
    self._target(*self._args, **self._kwargs)
  File "/usr/lib64/python3.9/multiprocessing/process.py", line 315, in _bootstrap
    self.run()
  File "/usr/lib64/python3.9/multiprocessing/process.py", line 315, in _bootstrap
    self.run()
  File "/usr/lib64/python3.9/multiprocessing/process.py", line 315, in _bootstrap
    self.run()
  File "/usr/lib64/python3.9/multiprocessing/process.py", line 315, in _bootstrap
    self.run()
  File "/usr/lib64/python3.9/multiprocessing/process.py", line 108, in run
    self._target(*self._args, **self._kwargs)
  File "/usr/lib64/python3.9/multiprocessing/process.py", line 108, in run
    self._target(*self._args, **self._kwargs)
  File "/usr/lib64/python3.9/multiprocessing/process.py", line 315, in _bootstrap
    self.run()
  File "/usr/lib64/python3.9/multiprocessing/queues.py", line 376, in put
    with self._wlock:
  File "/usr/lib64/python3.9/multiprocessing/process.py", line 108, in run
    self._target(*self._args, **self._kwargs)
  File "/usr/lib64/python3.9/multiprocessing/process.py", line 315, in _bootstrap
    self.run()
  File "/usr/lib64/python3.9/multiprocessing/queues.py", line 376, in put
    with self._wlock:
  File "/usr/lib64/python3.9/multiprocessing/process.py", line 315, in _bootstrap
    self.run()
  File "/usr/lib64/python3.9/multiprocessing/process.py", line 108, in run
    self._target(*self._args, **self._kwargs)
  File "/usr/lib64/python3.9/multiprocessing/pool.py", line 131, in worker
    put((job, i, result))
  File "/usr/lib64/python3.9/multiprocessing/pool.py", line 131, in worker
    put((job, i, result))
  File "/usr/lib64/python3.9/multiprocessing/process.py", line 108, in run
    self._target(*self._args, **self._kwargs)
  File "/usr/lib64/python3.9/multiprocessing/queues.py", line 376, in put
    with self._wlock:
  File "/usr/lib64/python3.9/multiprocessing/process.py", line 108, in run
    self._target(*self._args, **self._kwargs)
  File "/usr/lib64/python3.9/multiprocessing/process.py", line 315, in _bootstrap
    self.run()
  File "/usr/lib64/python3.9/multiprocessing/process.py", line 315, in _bootstrap
    self.run()
  File "/usr/lib64/python3.9/multiprocessing/process.py", line 108, in run
    self._target(*self._args, **self._kwargs)
  File "/usr/lib64/python3.9/multiprocessing/process.py", line 315, in _bootstrap
    self.run()
  File "/usr/lib64/python3.9/multiprocessing/process.py", line 108, in run
    self._target(*self._args, **self._kwargs)
  File "/usr/lib64/python3.9/multiprocessing/process.py", line 108, in run
    self._target(*self._args, **self._kwargs)
  File "/usr/lib64/python3.9/multiprocessing/pool.py", line 114, in worker
    task = get()
  File "/usr/lib64/python3.9/multiprocessing/process.py", line 108, in run
    self._target(*self._args, **self._kwargs)
  File "/usr/lib64/python3.9/multiprocessing/process.py", line 108, in run
    self._target(*self._args, **self._kwargs)
  File "/usr/lib64/python3.9/multiprocessing/pool.py", line 131, in worker
    put((job, i, result))
  File "/usr/lib64/python3.9/multiprocessing/queues.py", line 364, in get
    with self._rlock:
  File "/usr/lib64/python3.9/multiprocessing/process.py", line 108, in run
    self._target(*self._args, **self._kwargs)
  File "/usr/lib64/python3.9/multiprocessing/process.py", line 108, in run
    self._target(*self._args, **self._kwargs)
  File "/usr/lib64/python3.9/multiprocessing/process.py", line 315, in _bootstrap
    self.run()
  File "/usr/lib64/python3.9/multiprocessing/pool.py", line 131, in worker
    put((job, i, result))
  File "/usr/lib64/python3.9/multiprocessing/process.py", line 108, in run
    self._target(*self._args, **self._kwargs)
  File "/usr/lib64/python3.9/multiprocessing/process.py", line 108, in run
    self._target(*self._args, **self._kwargs)
  File "/usr/lib64/python3.9/multiprocessing/queues.py", line 364, in get
    with self._rlock:
  File "/usr/lib64/python3.9/multiprocessing/pool.py", line 131, in worker
    put((job, i, result))
  File "/usr/lib64/python3.9/multiprocessing/pool.py", line 131, in worker
    put((job, i, result))
  File "/usr/lib64/python3.9/multiprocessing/process.py", line 108, in run
    self._target(*self._args, **self._kwargs)
  File "/usr/lib64/python3.9/multiprocessing/process.py", line 108, in run
    self._target(*self._args, **self._kwargs)
  File "/usr/lib64/python3.9/multiprocessing/process.py", line 108, in run
    self._target(*self._args, **self._kwargs)
  File "/usr/lib64/python3.9/multiprocessing/pool.py", line 114, in worker
    task = get()
  File "/usr/lib64/python3.9/multiprocessing/pool.py", line 131, in worker
    put((job, i, result))
  File "/usr/lib64/python3.9/multiprocessing/synchronize.py", line 95, in __enter__
    return self._semlock.__enter__()
  File "/usr/lib64/python3.9/multiprocessing/queues.py", line 376, in put
    with self._wlock:
  File "/usr/lib64/python3.9/multiprocessing/pool.py", line 114, in worker
    task = get()
  File "/usr/lib64/python3.9/multiprocessing/process.py", line 108, in run
    self._target(*self._args, **self._kwargs)
  File "/usr/lib64/python3.9/multiprocessing/synchronize.py", line 95, in __enter__
    return self._semlock.__enter__()
  File "/usr/lib64/python3.9/multiprocessing/process.py", line 108, in run
    self._target(*self._args, **self._kwargs)
  File "/usr/lib64/python3.9/multiprocessing/queues.py", line 376, in put
    with self._wlock:
  File "/usr/lib64/python3.9/multiprocessing/pool.py", line 131, in worker
    put((job, i, result))
  File "/usr/lib64/python3.9/multiprocessing/synchronize.py", line 95, in __enter__
    return self._semlock.__enter__()
  File "/usr/lib64/python3.9/multiprocessing/pool.py", line 114, in worker
    task = get()
  File "/usr/lib64/python3.9/multiprocessing/process.py", line 108, in run
    self._target(*self._args, **self._kwargs)
  File "/usr/lib64/python3.9/multiprocessing/process.py", line 108, in run
    self._target(*self._args, **self._kwargs)
  File "/usr/lib64/python3.9/multiprocessing/pool.py", line 131, in worker
    put((job, i, result))
  File "/usr/lib64/python3.9/multiprocessing/pool.py", line 131, in worker
    put((job, i, result))
  File "/usr/lib64/python3.9/multiprocessing/pool.py", line 131, in worker
    put((job, i, result))
  File "/usr/lib64/python3.9/multiprocessing/queues.py", line 364, in get
    with self._rlock:
  File "/usr/lib64/python3.9/multiprocessing/pool.py", line 131, in worker
    put((job, i, result))
  File "/usr/lib64/python3.9/multiprocessing/queues.py", line 376, in put
    with self._wlock:
  File "/usr/lib64/python3.9/multiprocessing/synchronize.py", line 95, in __enter__
    return self._semlock.__enter__()
  File "/usr/lib64/python3.9/multiprocessing/pool.py", line 114, in worker
    task = get()
  File "/usr/lib64/python3.9/multiprocessing/pool.py", line 131, in worker
    put((job, i, result))
  File "/usr/lib64/python3.9/multiprocessing/process.py", line 108, in run
    self._target(*self._args, **self._kwargs)
  File "/usr/lib64/python3.9/multiprocessing/queues.py", line 376, in put
    with self._wlock:
  File "/usr/lib64/python3.9/multiprocessing/pool.py", line 114, in worker
    task = get()
  File "/usr/lib64/python3.9/multiprocessing/synchronize.py", line 95, in __enter__
    return self._semlock.__enter__()
  File "/usr/lib64/python3.9/multiprocessing/queues.py", line 364, in get
    with self._rlock:
  File "/usr/lib64/python3.9/multiprocessing/pool.py", line 131, in worker
    put((job, i, result))
  File "/usr/lib64/python3.9/multiprocessing/synchronize.py", line 95, in __enter__
    return self._semlock.__enter__()
  File "/usr/lib64/python3.9/multiprocessing/queues.py", line 376, in put
    with self._wlock:
  File "/usr/lib64/python3.9/multiprocessing/queues.py", line 376, in put
    with self._wlock:
  File "/usr/lib64/python3.9/multiprocessing/pool.py", line 131, in worker
    put((job, i, result))
  File "/usr/lib64/python3.9/multiprocessing/pool.py", line 114, in worker
    task = get()
  File "/usr/lib64/python3.9/multiprocessing/pool.py", line 131, in worker
    put((job, i, result))
  File "/usr/lib64/python3.9/multiprocessing/queues.py", line 364, in get
    with self._rlock:
Traceback (most recent call last):
  File "/usr/lib64/python3.9/multiprocessing/synchronize.py", line 95, in __enter__
    return self._semlock.__enter__()
Traceback (most recent call last):
  File "/usr/lib64/python3.9/multiprocessing/queues.py", line 364, in get
    with self._rlock:
KeyboardInterrupt
  File "/usr/lib64/python3.9/multiprocessing/pool.py", line 131, in worker
    put((job, i, result))
  File "/usr/lib64/python3.9/multiprocessing/pool.py", line 131, in worker
    put((job, i, result))
  File "/usr/lib64/python3.9/multiprocessing/queues.py", line 376, in put
    with self._wlock:
  File "/usr/lib64/python3.9/multiprocessing/synchronize.py", line 95, in __enter__
    return self._semlock.__enter__()
  File "/usr/lib64/python3.9/multiprocessing/queues.py", line 376, in put
    with self._wlock:
KeyboardInterrupt
  File "/usr/lib64/python3.9/multiprocessing/queues.py", line 364, in get
    with self._rlock:
  File "/usr/lib64/python3.9/multiprocessing/pool.py", line 131, in worker
    put((job, i, result))
KeyboardInterrupt
  File "/usr/lib64/python3.9/multiprocessing/queues.py", line 376, in put
    with self._wlock:
  File "/usr/lib64/python3.9/multiprocessing/queues.py", line 376, in put
    with self._wlock:
  File "/usr/lib64/python3.9/multiprocessing/queues.py", line 376, in put
    with self._wlock:
  File "/usr/lib64/python3.9/multiprocessing/synchronize.py", line 95, in __enter__
    return self._semlock.__enter__()
  File "/usr/lib64/python3.9/multiprocessing/queues.py", line 376, in put
    with self._wlock:
  File "/usr/lib64/python3.9/multiprocessing/synchronize.py", line 95, in __enter__
    return self._semlock.__enter__()
  File "/usr/lib64/python3.9/multiprocessing/synchronize.py", line 95, in __enter__
    return self._semlock.__enter__()
  File "/usr/lib64/python3.9/multiprocessing/queues.py", line 364, in get
    with self._rlock:
  File "/usr/lib64/python3.9/multiprocessing/queues.py", line 376, in put
    with self._wlock:
KeyboardInterrupt
  File "/usr/lib64/python3.9/multiprocessing/synchronize.py", line 95, in __enter__
    return self._semlock.__enter__()
  File "/usr/lib64/python3.9/multiprocessing/queues.py", line 376, in put
    with self._wlock:
KeyboardInterrupt
KeyboardInterrupt
  File "/usr/lib64/python3.9/multiprocessing/synchronize.py", line 95, in __enter__
    return self._semlock.__enter__()
  File "/usr/lib64/python3.9/multiprocessing/synchronize.py", line 95, in __enter__
    return self._semlock.__enter__()
  File "/usr/lib64/python3.9/multiprocessing/queues.py", line 376, in put
    with self._wlock:
  File "/usr/lib64/python3.9/multiprocessing/queues.py", line 364, in get
    with self._rlock:
  File "/usr/lib64/python3.9/multiprocessing/queues.py", line 376, in put
    with self._wlock:
  File "/usr/lib64/python3.9/multiprocessing/synchronize.py", line 95, in __enter__
    return self._semlock.__enter__()
  File "/usr/lib64/python3.9/multiprocessing/synchronize.py", line 95, in __enter__
    return self._semlock.__enter__()
KeyboardInterrupt
  File "/usr/lib64/python3.9/multiprocessing/synchronize.py", line 95, in __enter__
    return self._semlock.__enter__()

During handling of the above exception, another exception occurred:

  File "/usr/lib64/python3.9/multiprocessing/queues.py", line 376, in put
    with self._wlock:

During handling of the above exception, another exception occurred:

  File "/usr/lib64/python3.9/multiprocessing/synchronize.py", line 95, in __enter__
    return self._semlock.__enter__()
  File "/usr/lib64/python3.9/multiprocessing/queues.py", line 377, in put
    self._writer.send_bytes(obj)
  File "/usr/lib64/python3.9/multiprocessing/synchronize.py", line 95, in __enter__
    return self._semlock.__enter__()
  File "/usr/lib64/python3.9/multiprocessing/synchronize.py", line 95, in __enter__
    return self._semlock.__enter__()
KeyboardInterrupt
  File "/usr/lib64/python3.9/multiprocessing/synchronize.py", line 95, in __enter__
    return self._semlock.__enter__()

During handling of the above exception, another exception occurred:

  File "/usr/lib64/python3.9/multiprocessing/queues.py", line 376, in put
    with self._wlock:
  File "/usr/lib64/python3.9/multiprocessing/process.py", line 315, in _bootstrap
    self.run()
  File "/usr/lib64/python3.9/multiprocessing/synchronize.py", line 95, in __enter__
    return self._semlock.__enter__()

During handling of the above exception, another exception occurred:

  File "/usr/lib64/python3.9/multiprocessing/synchronize.py", line 95, in __enter__
    return self._semlock.__enter__()
  File "/usr/lib64/python3.9/multiprocessing/synchronize.py", line 95, in __enter__
    return self._semlock.__enter__()
  File "/usr/lib64/python3.9/multiprocessing/synchronize.py", line 95, in __enter__
    return self._semlock.__enter__()
KeyboardInterrupt
  File "/usr/lib64/python3.9/multiprocessing/synchronize.py", line 95, in __enter__
    return self._semlock.__enter__()
KeyboardInterrupt
KeyboardInterrupt

During handling of the above exception, another exception occurred:

  File "/usr/lib64/python3.9/multiprocessing/synchronize.py", line 95, in __enter__
    return self._semlock.__enter__()
KeyboardInterrupt

During handling of the above exception, another exception occurred:


During handling of the above exception, another exception occurred:

Traceback (most recent call last):
Traceback (most recent call last):
  File "/usr/lib64/python3.9/multiprocessing/synchronize.py", line 95, in __enter__
    return self._semlock.__enter__()
KeyboardInterrupt
KeyboardInterrupt
  File "/usr/lib64/python3.9/multiprocessing/synchronize.py", line 95, in __enter__
    return self._semlock.__enter__()
KeyboardInterrupt
Traceback (most recent call last):
KeyboardInterrupt
Traceback (most recent call last):
KeyboardInterrupt
  File "/usr/lib64/python3.9/multiprocessing/process.py", line 315, in _bootstrap
    self.run()
KeyboardInterrupt
  File "/usr/lib64/python3.9/multiprocessing/process.py", line 318, in _bootstrap
    util._exit_function()
KeyboardInterrupt
  File "/usr/lib64/python3.9/multiprocessing/connection.py", line 204, in send_bytes
    self._send_bytes(m[offset:offset + size])
KeyboardInterrupt
  File "/usr/lib64/python3.9/multiprocessing/connection.py", line 409, in _send_bytes
    self._send(buf)
KeyboardInterrupt

During handling of the above exception, another exception occurred:

Traceback (most recent call last):
KeyboardInterrupt
  File "/usr/lib64/python3.9/multiprocessing/synchronize.py", line 95, in __enter__
    return self._semlock.__enter__()
  File "/usr/lib64/python3.9/multiprocessing/process.py", line 108, in run
    self._target(*self._args, **self._kwargs)
Traceback (most recent call last):
KeyboardInterrupt
KeyboardInterrupt
  File "/usr/lib64/python3.9/multiprocessing/process.py", line 318, in _bootstrap
    util._exit_function()
KeyboardInterrupt
KeyboardInterrupt

During handling of the above exception, another exception occurred:


During handling of the above exception, another exception occurred:

KeyboardInterrupt
Traceback (most recent call last):
Traceback (most recent call last):

During handling of the above exception, another exception occurred:

KeyboardInterrupt

During handling of the above exception, another exception occurred:

  File "/usr/lib64/python3.9/multiprocessing/process.py", line 318, in _bootstrap
    util._exit_function()
  File "/usr/lib64/python3.9/multiprocessing/process.py", line 315, in _bootstrap
    self.run()
KeyboardInterrupt

During handling of the above exception, another exception occurred:


During handling of the above exception, another exception occurred:


During handling of the above exception, another exception occurred:

  File "/usr/lib64/python3.9/multiprocessing/process.py", line 108, in run
    self._target(*self._args, **self._kwargs)

During handling of the above exception, another exception occurred:

  File "/usr/lib64/python3.9/multiprocessing/util.py", line 333, in _exit_function
    debug('running all "atexit" finalizers with priority >= 0')

During handling of the above exception, another exception occurred:

  File "/usr/lib64/python3.9/multiprocessing/util.py", line 48, in debug
    def debug(msg, *args):
  File "/usr/lib64/python3.9/multiprocessing/connection.py", line 372, in _send
    n = write(self._handle, buf)
Traceback (most recent call last):

During handling of the above exception, another exception occurred:

  File "/usr/lib64/python3.9/multiprocessing/process.py", line 315, in _bootstrap
    self.run()
  File "/usr/lib64/python3.9/multiprocessing/pool.py", line 114, in worker
    task = get()
KeyboardInterrupt

During handling of the above exception, another exception occurred:

KeyboardInterrupt
Traceback (most recent call last):

During handling of the above exception, another exception occurred:

Traceback (most recent call last):

During handling of the above exception, another exception occurred:

  File "/usr/lib64/python3.9/multiprocessing/process.py", line 318, in _bootstrap
    util._exit_function()
Traceback (most recent call last):
  File "/usr/lib64/python3.9/multiprocessing/process.py", line 315, in _bootstrap
    self.run()
KeyboardInterrupt
  File "/usr/lib64/python3.9/multiprocessing/process.py", line 108, in run
    self._target(*self._args, **self._kwargs)
Traceback (most recent call last):

During handling of the above exception, another exception occurred:

KeyboardInterrupt
  File "/usr/lib64/python3.9/multiprocessing/process.py", line 108, in run
    self._target(*self._args, **self._kwargs)
Traceback (most recent call last):

During handling of the above exception, another exception occurred:

Traceback (most recent call last):
Traceback (most recent call last):
  File "/usr/lib64/python3.9/multiprocessing/process.py", line 318, in _bootstrap
    util._exit_function()
  File "/usr/lib64/python3.9/multiprocessing/pool.py", line 131, in worker
    put((job, i, result))
Traceback (most recent call last):
Traceback (most recent call last):
KeyboardInterrupt
Traceback (most recent call last):
KeyboardInterrupt
  File "/usr/lib64/python3.9/multiprocessing/process.py", line 108, in run
    self._target(*self._args, **self._kwargs)
  File "/usr/lib64/python3.9/multiprocessing/process.py", line 318, in _bootstrap
    util._exit_function()
  File "/usr/lib64/python3.9/multiprocessing/queues.py", line 365, in get
    res = self._reader.recv_bytes()

During handling of the above exception, another exception occurred:


During handling of the above exception, another exception occurred:

Traceback (most recent call last):
Traceback (most recent call last):
  File "/usr/lib64/python3.9/multiprocessing/process.py", line 318, in _bootstrap
    util._exit_function()
Traceback (most recent call last):
  File "/usr/lib64/python3.9/multiprocessing/process.py", line 318, in _bootstrap
    util._exit_function()
  File "/usr/lib64/python3.9/multiprocessing/process.py", line 318, in _bootstrap
    util._exit_function()
  File "/usr/lib64/python3.9/multiprocessing/pool.py", line 115, in worker
    except (EOFError, OSError):
Traceback (most recent call last):
  File "/usr/lib64/python3.9/multiprocessing/process.py", line 318, in _bootstrap
    util._exit_function()
  File "/usr/lib64/python3.9/multiprocessing/pool.py", line 114, in worker
    task = get()
Traceback (most recent call last):
  File "/usr/lib64/python3.9/multiprocessing/process.py", line 318, in _bootstrap
    util._exit_function()
  File "/usr/lib64/python3.9/multiprocessing/util.py", line 320, in _exit_function
    def _exit_function(info=info, debug=debug, _run_finalizers=_run_finalizers,
  File "/usr/lib64/python3.9/multiprocessing/util.py", line 320, in _exit_function
    def _exit_function(info=info, debug=debug, _run_finalizers=_run_finalizers,
KeyboardInterrupt
  File "/usr/lib64/python3.9/multiprocessing/process.py", line 318, in _bootstrap
    util._exit_function()
  File "/usr/lib64/python3.9/multiprocessing/process.py", line 318, in _bootstrap
    util._exit_function()
  File "/usr/lib64/python3.9/multiprocessing/util.py", line 333, in _exit_function
    debug('running all "atexit" finalizers with priority >= 0')
  File "/usr/lib64/python3.9/multiprocessing/process.py", line 318, in _bootstrap
    util._exit_function()
  File "/usr/lib64/python3.9/multiprocessing/pool.py", line 131, in worker
    put((job, i, result))
  File "/usr/lib64/python3.9/multiprocessing/util.py", line 333, in _exit_function
    debug('running all "atexit" finalizers with priority >= 0')
  File "/usr/lib64/python3.9/multiprocessing/connection.py", line 220, in recv_bytes
    buf = self._recv_bytes(maxlength)
Traceback (most recent call last):
  File "/usr/lib64/python3.9/multiprocessing/connection.py", line 418, in _recv_bytes
    buf = self._recv(4)
  File "/usr/lib64/python3.9/multiprocessing/util.py", line 333, in _exit_function
    debug('running all "atexit" finalizers with priority >= 0')
  File "/usr/lib64/python3.9/multiprocessing/process.py", line 318, in _bootstrap
    util._exit_function()
  File "/usr/lib64/python3.9/multiprocessing/util.py", line 333, in _exit_function
    debug('running all "atexit" finalizers with priority >= 0')
  File "/usr/lib64/python3.9/multiprocessing/util.py", line 333, in _exit_function
    debug('running all "atexit" finalizers with priority >= 0')
  File "/usr/lib64/python3.9/multiprocessing/process.py", line 318, in _bootstrap
    util._exit_function()
  File "/usr/lib64/python3.9/multiprocessing/process.py", line 318, in _bootstrap
    util._exit_function()
KeyboardInterrupt
KeyboardInterrupt
  File "/usr/lib64/python3.9/multiprocessing/process.py", line 318, in _bootstrap
    util._exit_function()
KeyboardInterrupt
  File "/usr/lib64/python3.9/multiprocessing/util.py", line 48, in debug
    def debug(msg, *args):
KeyboardInterrupt
  File "/usr/lib64/python3.9/multiprocessing/util.py", line 334, in _exit_function
    _run_finalizers(0)
  File "/usr/lib64/python3.9/multiprocessing/util.py", line 48, in debug
    def debug(msg, *args):
  File "/usr/lib64/python3.9/multiprocessing/connection.py", line 383, in _recv
    chunk = read(handle, remaining)
  File "/usr/lib64/python3.9/multiprocessing/util.py", line 48, in debug
    def debug(msg, *args):
  File "/usr/lib64/python3.9/multiprocessing/util.py", line 320, in _exit_function
    def _exit_function(info=info, debug=debug, _run_finalizers=_run_finalizers,
  File "/usr/lib64/python3.9/multiprocessing/process.py", line 315, in _bootstrap
    self.run()
  File "/usr/lib64/python3.9/multiprocessing/util.py", line 48, in debug
    def debug(msg, *args):
  File "/usr/lib64/python3.9/multiprocessing/util.py", line 48, in debug
    def debug(msg, *args):
  File "/usr/lib64/python3.9/multiprocessing/util.py", line 320, in _exit_function
    def _exit_function(info=info, debug=debug, _run_finalizers=_run_finalizers,
  File "/usr/lib64/python3.9/multiprocessing/util.py", line 334, in _exit_function
    _run_finalizers(0)
KeyboardInterrupt
  File "/usr/lib64/python3.9/multiprocessing/util.py", line 284, in _run_finalizers
    f = lambda p : p[0] is not None and p[0] >= minpriority
KeyboardInterrupt
KeyboardInterrupt
KeyboardInterrupt
  File "/usr/lib64/python3.9/multiprocessing/process.py", line 108, in run
    self._target(*self._args, **self._kwargs)
  File "/usr/lib64/python3.9/multiprocessing/pool.py", line 131, in worker
    put((job, i, result))
  File "/usr/lib64/python3.9/multiprocessing/queues.py", line 377, in put
    self._writer.send_bytes(obj)
KeyboardInterrupt
  File "/usr/lib64/python3.9/multiprocessing/util.py", line 334, in _exit_function
    _run_finalizers(0)
  File "/usr/lib64/python3.9/multiprocessing/util.py", line 275, in _run_finalizers
    if _finalizer_registry is None:
KeyboardInterrupt
KeyboardInterrupt
KeyboardInterrupt
  File "/usr/lib64/python3.9/multiprocessing/util.py", line 268, in _run_finalizers
    def _run_finalizers(minpriority=None):
KeyboardInterrupt
  File "/usr/lib64/python3.9/multiprocessing/process.py", line 318, in _bootstrap
    util._exit_function()
KeyboardInterrupt
KeyboardInterrupt
  File "/usr/lib64/python3.9/multiprocessing/process.py", line 318, in _bootstrap
    util._exit_function()
  File "/usr/lib64/python3.9/multiprocessing/util.py", line 333, in _exit_function
    debug('running all "atexit" finalizers with priority >= 0')
  File "/usr/lib64/python3.9/multiprocessing/util.py", line 48, in debug
    def debug(msg, *args):
KeyboardInterrupt

During handling of the above exception, another exception occurred:

  File "/usr/lib64/python3.9/multiprocessing/synchronize.py", line 98, in __exit__
    return self._semlock.__exit__(*args)
KeyboardInterrupt
Traceback (most recent call last):
KeyboardInterrupt
KeyboardInterrupt
  File "/usr/lib64/python3.9/multiprocessing/process.py", line 318, in _bootstrap
    util._exit_function()
  File "/usr/lib64/python3.9/multiprocessing/util.py", line 333, in _exit_function
    debug('running all "atexit" finalizers with priority >= 0')
  File "/usr/lib64/python3.9/multiprocessing/util.py", line 48, in debug
    def debug(msg, *args):
KeyboardInterrupt
KeyboardInterrupt
KeyboardInterrupt
Terminated
